<?xml version="1.0" encoding="UTF-8"?>
<testng-results ignored="0" total="1" passed="1" failed="0" skipped="0">
  <reporter-output>
  </reporter-output>
  <suite started-at="2023-07-12T22:23:28 IST" name="Default suite" finished-at="2023-07-12T22:23:33 IST" duration-ms="5712">
    <groups>
    </groups>
    <test started-at="2023-07-12T22:23:28 IST" name="Default test" finished-at="2023-07-12T22:23:33 IST" duration-ms="5712">
      <class name="hpack.dynamic">
        <test-method signature="dynamic()[pri:0, instance:hpack.dynamic@49c7b90e]" started-at="2023-07-12T22:23:28 IST" name="dynamic" finished-at="2023-07-12T22:23:33 IST" duration-ms="5671" status="PASS">
          <reporter-output>
          </reporter-output>
        </test-method> <!-- dynamic -->
      </class> <!-- hpack.dynamic -->
    </test> <!-- Default test -->
  </suite> <!-- Default suite -->
</testng-results>
